<?xml version="1.0" encoding="UTF-8"?>
<!-- Generated by org.testng.reporters.JUnitReportReporter -->
<testsuite hostname="Madhukar" failures="0" tests="1" name="testcases.LoginTests" time="4.329" errors="0" timestamp="2025-07-27T15:36:47 IST" skipped="0">
  <testcase classname="testcases.LoginTests" name="testInvalidUserLogin" time="4.329"/>
</testsuite> <!-- testcases.LoginTests -->
