<?xml version="1.0" encoding="UTF-8"?>
<!-- Generated by org.testng.reporters.JUnitReportReporter -->
<testsuite hostname="Madhukar" failures="0" tests="8" name="testcases.UserTests" time="10.624" errors="0" timestamp="2025-07-27T17:25:12 IST" skipped="0">
  <testcase classname="testcases.UserTests" name="testGetUsersSortedAsc" time="1.281"/>
  <testcase classname="testcases.UserTests" name="testDeleteUser" time="1.315"/>
  <testcase classname="testcases.UserTests" name="testUpdateUser" time="1.450"/>
  <testcase classname="testcases.UserTests" name="testCreateUser" time="1.509"/>
  <testcase classname="testcases.UserTests" name="testGetUsersSorted" time="1.265"/>
  <testcase classname="testcases.UserTests" name="testGetUserById" time="1.228"/>
  <testcase classname="testcases.UserTests" name="testGetAllUsers" time="1.379"/>
  <testcase classname="testcases.UserTests" name="testGetUserswithLimit" time="1.197"/>
</testsuite> <!-- testcases.UserTests -->
