<?xml version="1.0" encoding="UTF-8"?>
<!-- Generated by org.testng.reporters.JUnitReportReporter -->
<testsuite hostname="Madhukar" failures="0" tests="1" name="testcases.LoginTests" time="1.796" errors="0" timestamp="2025-07-27T17:25:12 IST" skipped="0">
  <testcase classname="testcases.LoginTests" name="testInvalidUserLogin" time="1.796"/>
</testsuite> <!-- testcases.LoginTests -->
