<?xml version="1.0" encoding="UTF-8"?>
<!-- Generated by org.testng.reporters.JUnitReportReporter -->
<testsuite hostname="Madhukar" failures="0" tests="8" name="testcases.UserTests" time="14.057" errors="0" timestamp="2025-07-24T09:19:09 IST" skipped="0">
  <testcase classname="testcases.UserTests" name="testCreateUser" time="4.384"/>
  <testcase classname="testcases.UserTests" name="testGetAllUsers" time="1.395"/>
  <testcase classname="testcases.UserTests" name="testDeleteUser" time="1.548"/>
  <testcase classname="testcases.UserTests" name="testGetUserswithLimit" time="1.258"/>
  <testcase classname="testcases.UserTests" name="testGetUsersSorted" time="1.301"/>
  <testcase classname="testcases.UserTests" name="testGetUsersSortedAsc" time="1.458"/>
  <testcase classname="testcases.UserTests" name="testGetUserById" time="1.378"/>
  <testcase classname="testcases.UserTests" name="testUpdateUser" time="1.335"/>
</testsuite> <!-- testcases.UserTests -->
