<?xml version="1.0" encoding="UTF-8"?>
<!-- Generated by org.testng.reporters.JUnitReportReporter -->
<testsuite hostname="Madhukar" failures="0" tests="11" name="testcases.CartTests" time="12.856" errors="0" timestamp="2025-07-27T17:25:12 IST" skipped="0">
  <testcase classname="testcases.CartTests" name="testGetCartsSortedAsc" time="1.200"/>
  <testcase classname="testcases.CartTests" name="testUpdateCart" time="1.164"/>
  <testcase classname="testcases.CartTests" name="testCreateCart" time="1.175"/>
  <testcase classname="testcases.CartTests" name="testGetUserCartByDateRange" time="0.995"/>
  <testcase classname="testcases.CartTests" name="testGetAllCarts" time="1.238"/>
  <testcase classname="testcases.CartTests" name="testGetCartsSorted" time="1.068"/>
  <testcase classname="testcases.CartTests" name="testGetUserCart" time="1.174"/>
  <testcase classname="testcases.CartTests" name="testDeleteCart" time="1.206"/>
  <testcase classname="testcases.CartTests" name="testGetCartById" time="1.188"/>
  <testcase classname="testcases.CartTests" name="testGetCartsByDateRange" time="1.216"/>
  <testcase classname="testcases.CartTests" name="testGetCartsWithLimit" time="1.232"/>
</testsuite> <!-- testcases.CartTests -->
