<?xml version="1.0" encoding="UTF-8"?>
<!-- Generated by org.testng.reporters.JUnitReportReporter -->
<testsuite hostname="Madhukar" failures="0" tests="10" name="testcases.ProductTest" time="16.543" errors="0" timestamp="2025-07-24T09:19:09 IST" skipped="0">
  <testcase classname="testcases.ProductTest" name="testAddNewProduct" time="4.378"/>
  <testcase classname="testcases.ProductTest" name="testGetSortedProducts" time="1.333"/>
  <testcase classname="testcases.ProductTest" name="testGetAllCategories" time="1.272"/>
  <testcase classname="testcases.ProductTest" name="testGetLimitedProducts" time="1.139"/>
  <testcase classname="testcases.ProductTest" name="testGetAllProducts" time="1.592"/>
  <testcase classname="testcases.ProductTest" name="testGetSortedProductsASC" time="1.306"/>
  <testcase classname="testcases.ProductTest" name="testUpdateProduct" time="1.156"/>
  <testcase classname="testcases.ProductTest" name="testDeleteProduct" time="1.528"/>
  <testcase classname="testcases.ProductTest" name="testGetProductByID" time="1.385"/>
  <testcase classname="testcases.ProductTest" name="testGetProductsByCategory" time="1.454"/>
</testsuite> <!-- testcases.ProductTest -->
