<?xml version="1.0" encoding="UTF-8"?>
<!-- Generated by org.testng.reporters.JUnitReportReporter -->
<testsuite hostname="Madhukar" failures="0" tests="11" name="testcases.CartTests" time="18.608" errors="0" timestamp="2025-07-27T14:51:51 IST" skipped="0">
  <testcase classname="testcases.CartTests" name="testGetAllCarts" time="2.762"/>
  <testcase classname="testcases.CartTests" name="testGetCartsSorted" time="1.026"/>
  <testcase classname="testcases.CartTests" name="testUpdateCart" time="0.923"/>
  <testcase classname="testcases.CartTests" name="testGetCartsWithLimit" time="1.026"/>
  <testcase classname="testcases.CartTests" name="testGetCartsSortedAsc" time="3.106"/>
  <testcase classname="testcases.CartTests" name="testGetCartById" time="2.131"/>
  <testcase classname="testcases.CartTests" name="testGetCartsByDateRange" time="1.059"/>
  <testcase classname="testcases.CartTests" name="testGetUserCartByDateRange" time="1.900"/>
  <testcase classname="testcases.CartTests" name="testCreateCart" time="1.167"/>
  <testcase classname="testcases.CartTests" name="testGetUserCart" time="0.978"/>
  <testcase classname="testcases.CartTests" name="testDeleteCart" time="2.530"/>
</testsuite> <!-- testcases.CartTests -->
