<?xml version="1.0" encoding="UTF-8"?>
<!-- Generated by org.testng.reporters.JUnitReportReporter -->
<testsuite hostname="Madhukar" failures="0" tests="8" name="testcases.UserTests" time="6.263" errors="0" timestamp="2025-07-28T05:47:57 IST" skipped="0">
  <testcase classname="testcases.UserTests" name="testDeleteUser" time="0.658"/>
  <testcase classname="testcases.UserTests" name="testGetAllUsers" time="0.836"/>
  <testcase classname="testcases.UserTests" name="testGetUsersSortedAsc" time="0.803"/>
  <testcase classname="testcases.UserTests" name="testGetUsersSorted" time="0.696"/>
  <testcase classname="testcases.UserTests" name="testGetUserById" time="0.737"/>
  <testcase classname="testcases.UserTests" name="testUpdateUser" time="0.566"/>
  <testcase classname="testcases.UserTests" name="testGetUserswithLimit" time="0.807"/>
  <testcase classname="testcases.UserTests" name="testCreateUser" time="1.160"/>
</testsuite> <!-- testcases.UserTests -->
