<?xml version="1.0" encoding="UTF-8"?>
<!-- Generated by org.testng.reporters.JUnitReportReporter -->
<testsuite hostname="Madhukar" failures="0" tests="11" name="testcases.CartTests" time="7.856" errors="0" timestamp="2025-07-28T05:47:57 IST" skipped="0">
  <testcase classname="testcases.CartTests" name="testCreateCart" time="0.663"/>
  <testcase classname="testcases.CartTests" name="testUpdateCart" time="0.608"/>
  <testcase classname="testcases.CartTests" name="testGetCartsByDateRange" time="0.715"/>
  <testcase classname="testcases.CartTests" name="testGetUserCartByDateRange" time="0.730"/>
  <testcase classname="testcases.CartTests" name="testGetCartsSorted" time="0.753"/>
  <testcase classname="testcases.CartTests" name="testGetAllCarts" time="0.683"/>
  <testcase classname="testcases.CartTests" name="testGetUserCart" time="0.927"/>
  <testcase classname="testcases.CartTests" name="testGetCartsWithLimit" time="0.741"/>
  <testcase classname="testcases.CartTests" name="testDeleteCart" time="0.661"/>
  <testcase classname="testcases.CartTests" name="testGetCartById" time="0.678"/>
  <testcase classname="testcases.CartTests" name="testGetCartsSortedAsc" time="0.697"/>
</testsuite> <!-- testcases.CartTests -->
