<?xml version="1.0" encoding="UTF-8"?>
<!-- Generated by org.testng.reporters.JUnitReportReporter -->
<testsuite hostname="Madhukar" failures="0" tests="8" name="testcases.UserTests" time="13.511" errors="0" timestamp="2025-07-23T06:23:00 IST" skipped="0">
  <testcase classname="testcases.UserTests" name="testGetUserById" time="0.862"/>
  <testcase classname="testcases.UserTests" name="testGetUserswithLimit" time="0.906"/>
  <testcase classname="testcases.UserTests" name="testGetAllUsers" time="1.027"/>
  <testcase classname="testcases.UserTests" name="testGetUsersSortedAsc" time="0.901"/>
  <testcase classname="testcases.UserTests" name="testCreateUser" time="7.091"/>
  <testcase classname="testcases.UserTests" name="testUpdateUser" time="0.800"/>
  <testcase classname="testcases.UserTests" name="testGetUsersSorted" time="1.064"/>
  <testcase classname="testcases.UserTests" name="testDeleteUser" time="0.860"/>
</testsuite> <!-- testcases.UserTests -->
