<?xml version="1.0" encoding="UTF-8"?>
<!-- Generated by org.testng.reporters.JUnitReportReporter -->
<testsuite hostname="Madhukar" failures="0" tests="10" name="testcases.ProductDataDrivenTest" time="19.451" errors="0" timestamp="2025-07-20T06:13:55 IST" skipped="0">
  <testcase classname="testcases.ProductDataDrivenTest" name="testAddNewProductWithCSV" time="1.726"/>
  <testcase classname="testcases.ProductDataDrivenTest" name="testAddNewProductWithJson" time="1.619"/>
  <testcase classname="testcases.ProductDataDrivenTest" name="testAddNewProductWithJson" time="1.730"/>
  <testcase classname="testcases.ProductDataDrivenTest" name="testAddNewProductWithJson" time="1.800"/>
  <testcase classname="testcases.ProductDataDrivenTest" name="testAddNewProductWithJson" time="1.561"/>
  <testcase classname="testcases.ProductDataDrivenTest" name="testAddNewProductWithJson" time="1.637"/>
  <testcase classname="testcases.ProductDataDrivenTest" name="testAddNewProductWithCSV" time="1.796"/>
  <testcase classname="testcases.ProductDataDrivenTest" name="testAddNewProductWithCSV" time="4.203"/>
  <testcase classname="testcases.ProductDataDrivenTest" name="testAddNewProductWithCSV" time="1.698"/>
  <testcase classname="testcases.ProductDataDrivenTest" name="testAddNewProductWithCSV" time="1.681"/>
</testsuite> <!-- testcases.ProductDataDrivenTest -->
