<?xml version="1.0" encoding="UTF-8"?>
<!-- Generated by org.testng.reporters.JUnitReportReporter -->
<testsuite hostname="Madhukar" failures="0" tests="3" name="testcases.UserTests" time="6.592" errors="0" timestamp="2025-07-22T09:36:12 IST" skipped="0">
  <testcase classname="testcases.UserTests" name="testDeleteUser" time="1.169"/>
  <testcase classname="testcases.UserTests" name="testUpdateUser" time="1.013"/>
  <testcase classname="testcases.UserTests" name="testCreateUser" time="4.410"/>
</testsuite> <!-- testcases.UserTests -->
