<?xml version="1.0" encoding="UTF-8"?>
<!-- Generated by org.testng.reporters.JUnitReportReporter -->
<testsuite hostname="Madhukar" failures="0" tests="2" name="testcases.LoginTests" time="3.710" errors="0" timestamp="2025-07-26T12:22:14 IST" skipped="0">
  <testcase classname="testcases.LoginTests" name="testValidUserLogin" time="1.733"/>
  <testcase classname="testcases.LoginTests" name="testInvalidUserLogin" time="1.977"/>
</testsuite> <!-- testcases.LoginTests -->
