<?xml version="1.0" encoding="UTF-8"?>
<!-- Generated by org.testng.reporters.JUnitReportReporter -->
<testsuite hostname="Madhukar" failures="0" tests="10" name="testcases.ProductTest" time="10.326" errors="0" timestamp="2025-07-27T15:36:47 IST" skipped="0">
  <testcase classname="testcases.ProductTest" name="testGetLimitedProducts" time="0.710"/>
  <testcase classname="testcases.ProductTest" name="testAddNewProduct" time="1.682"/>
  <testcase classname="testcases.ProductTest" name="testGetSortedProducts" time="0.912"/>
  <testcase classname="testcases.ProductTest" name="testDeleteProduct" time="0.975"/>
  <testcase classname="testcases.ProductTest" name="testGetProductByID" time="0.819"/>
  <testcase classname="testcases.ProductTest" name="testUpdateProduct" time="1.194"/>
  <testcase classname="testcases.ProductTest" name="testGetAllCategories" time="0.928"/>
  <testcase classname="testcases.ProductTest" name="testGetSortedProductsASC" time="0.630"/>
  <testcase classname="testcases.ProductTest" name="testGetAllProducts" time="1.484"/>
  <testcase classname="testcases.ProductTest" name="testGetProductsByCategory" time="0.992"/>
</testsuite> <!-- testcases.ProductTest -->
