<?xml version="1.0" encoding="UTF-8"?>
<!-- Generated by org.testng.reporters.JUnitReportReporter -->
<testsuite hostname="Madhukar" failures="0" tests="10" name="testcases.ProductTest" time="23.608" errors="0" timestamp="2025-07-27T14:51:51 IST" skipped="0">
  <testcase classname="testcases.ProductTest" name="testGetAllCategories" time="1.104"/>
  <testcase classname="testcases.ProductTest" name="testGetSortedProductsASC" time="3.268"/>
  <testcase classname="testcases.ProductTest" name="testDeleteProduct" time="1.145"/>
  <testcase classname="testcases.ProductTest" name="testGetAllProducts" time="2.255"/>
  <testcase classname="testcases.ProductTest" name="testGetSortedProducts" time="1.038"/>
  <testcase classname="testcases.ProductTest" name="testAddNewProduct" time="1.483"/>
  <testcase classname="testcases.ProductTest" name="testGetProductsByCategory" time="7.832"/>
  <testcase classname="testcases.ProductTest" name="testUpdateProduct" time="1.157"/>
  <testcase classname="testcases.ProductTest" name="testGetLimitedProducts" time="2.401"/>
  <testcase classname="testcases.ProductTest" name="testGetProductByID" time="1.925"/>
</testsuite> <!-- testcases.ProductTest -->
