<?xml version="1.0" encoding="UTF-8"?>
<!-- Generated by org.testng.reporters.JUnitReportReporter -->
<testsuite hostname="Madhukar" failures="0" tests="8" name="testcases.UserTests" time="19.870" errors="0" timestamp="2025-07-27T15:36:47 IST" skipped="0">
  <testcase classname="testcases.UserTests" name="testDeleteUser" time="1.038"/>
  <testcase classname="testcases.UserTests" name="testGetUserById" time="1.914"/>
  <testcase classname="testcases.UserTests" name="testGetUsersSorted" time="5.838"/>
  <testcase classname="testcases.UserTests" name="testGetUserswithLimit" time="2.128"/>
  <testcase classname="testcases.UserTests" name="testUpdateUser" time="1.899"/>
  <testcase classname="testcases.UserTests" name="testGetAllUsers" time="1.848"/>
  <testcase classname="testcases.UserTests" name="testCreateUser" time="1.290"/>
  <testcase classname="testcases.UserTests" name="testGetUsersSortedAsc" time="3.915"/>
</testsuite> <!-- testcases.UserTests -->
