<?xml version="1.0" encoding="UTF-8"?>
<!-- Generated by org.testng.reporters.JUnitReportReporter -->
<testsuite hostname="Madhukar" failures="0" tests="3" name="testcases.SchemaTests" time="3.730" errors="0" timestamp="2025-07-27T17:25:12 IST" skipped="0">
  <testcase classname="testcases.SchemaTests" name="testProductSchema" time="1.254"/>
  <testcase classname="testcases.SchemaTests" name="testCartSchema" time="1.235"/>
  <testcase classname="testcases.SchemaTests" name="tesUserSchema" time="1.241"/>
</testsuite> <!-- testcases.SchemaTests -->
