<?xml version="1.0" encoding="UTF-8"?>
<!-- Generated by org.testng.reporters.JUnitReportReporter -->
<testsuite hostname="Madhukar" failures="0" tests="1" name="testcases.LoginTests" time="2.242" errors="0" timestamp="2025-07-27T14:51:51 IST" skipped="0">
  <testcase classname="testcases.LoginTests" name="testInvalidUserLogin" time="2.242"/>
</testsuite> <!-- testcases.LoginTests -->
