<?xml version="1.0" encoding="UTF-8"?>
<!-- Generated by org.testng.reporters.JUnitReportReporter -->
<testsuite hostname="Madhukar" failures="0" tests="1" name="testcases.CartTests" time="3.598" errors="0" timestamp="2025-07-24T09:10:59 IST" skipped="0">
  <testcase classname="testcases.CartTests" name="testGetUserCartByDateRange" time="3.598"/>
</testsuite> <!-- testcases.CartTests -->
