<?xml version="1.0" encoding="UTF-8"?>
<!-- Generated by org.testng.reporters.JUnitReportReporter -->
<testsuite hostname="Madhukar" failures="0" tests="1" name="testcases.ProductTest" time="3.132" errors="0" timestamp="2025-07-20T07:21:09 IST" skipped="0">
  <testcase classname="testcases.ProductTest" name="testDeleteProduct" time="3.132"/>
</testsuite> <!-- testcases.ProductTest -->
