<?xml version="1.0" encoding="UTF-8"?>
<!-- Generated by org.testng.reporters.JUnitReportReporter -->
<testsuite hostname="Madhukar" failures="0" tests="3" name="testcases.SchemaTests" time="13.262" errors="0" timestamp="2025-07-27T15:36:47 IST" skipped="0">
  <testcase classname="testcases.SchemaTests" name="testCartSchema" time="5.009"/>
  <testcase classname="testcases.SchemaTests" name="tesUserSchema" time="6.027"/>
  <testcase classname="testcases.SchemaTests" name="testProductSchema" time="2.226"/>
</testsuite> <!-- testcases.SchemaTests -->
