<?xml version="1.0" encoding="UTF-8"?>
<!-- Generated by org.testng.reporters.JUnitReportReporter -->
<testsuite hostname="Madhukar" failures="0" tests="3" name="testcases.SchemaTests" time="9.046" errors="0" timestamp="2025-07-26T12:22:14 IST" skipped="0">
  <testcase classname="testcases.SchemaTests" name="testCartSchema" time="2.907"/>
  <testcase classname="testcases.SchemaTests" name="tesUserSchema" time="1.956"/>
  <testcase classname="testcases.SchemaTests" name="testProductSchema" time="4.183"/>
</testsuite> <!-- testcases.SchemaTests -->
