<?xml version="1.0" encoding="UTF-8"?>
<!-- Generated by org.testng.reporters.JUnitReportReporter -->
<testsuite hostname="Madhukar" failures="0" tests="10" name="testcases.ProductTest" time="14.954" errors="0" timestamp="2025-07-23T06:23:00 IST" skipped="0">
  <testcase classname="testcases.ProductTest" name="testGetLimitedProducts" time="0.945"/>
  <testcase classname="testcases.ProductTest" name="testGetAllCategories" time="0.745"/>
  <testcase classname="testcases.ProductTest" name="testAddNewProduct" time="7.186"/>
  <testcase classname="testcases.ProductTest" name="testGetProductByID" time="0.769"/>
  <testcase classname="testcases.ProductTest" name="testDeleteProduct" time="0.946"/>
  <testcase classname="testcases.ProductTest" name="testUpdateProduct" time="0.817"/>
  <testcase classname="testcases.ProductTest" name="testGetProductsByCategory" time="1.021"/>
  <testcase classname="testcases.ProductTest" name="testGetSortedProductsASC" time="0.755"/>
  <testcase classname="testcases.ProductTest" name="testGetSortedProducts" time="0.788"/>
  <testcase classname="testcases.ProductTest" name="testGetAllProducts" time="0.982"/>
</testsuite> <!-- testcases.ProductTest -->
