<?xml version="1.0" encoding="UTF-8"?>
<!-- Generated by org.testng.reporters.JUnitReportReporter -->
<testsuite hostname="Madhukar" failures="0" tests="5" name="testcases.ProductDataDrivenTest" time="14.589" errors="0" timestamp="2025-07-19T21:39:33 IST" skipped="0">
  <testcase classname="testcases.ProductDataDrivenTest" name="testAddNewProduct" time="2.166"/>
  <testcase classname="testcases.ProductDataDrivenTest" name="testAddNewProduct" time="2.548"/>
  <testcase classname="testcases.ProductDataDrivenTest" name="testAddNewProduct" time="2.242"/>
  <testcase classname="testcases.ProductDataDrivenTest" name="testAddNewProduct" time="5.286"/>
  <testcase classname="testcases.ProductDataDrivenTest" name="testAddNewProduct" time="2.347"/>
</testsuite> <!-- testcases.ProductDataDrivenTest -->
