<?xml version="1.0" encoding="UTF-8"?>
<!-- Generated by org.testng.reporters.JUnitReportReporter -->
<testsuite hostname="Madhukar" failures="0" tests="3" name="testcases.SchemaTests" time="4.608" errors="0" timestamp="2025-07-27T14:51:51 IST" skipped="0">
  <testcase classname="testcases.SchemaTests" name="tesUserSchema" time="2.697"/>
  <testcase classname="testcases.SchemaTests" name="testCartSchema" time="1.042"/>
  <testcase classname="testcases.SchemaTests" name="testProductSchema" time="0.869"/>
</testsuite> <!-- testcases.SchemaTests -->
