<?xml version="1.0" encoding="UTF-8"?>
<!-- Generated by org.testng.reporters.JUnitReportReporter -->
<testsuite hostname="Madhukar" failures="0" tests="8" name="testcases.UserTests" time="17.858" errors="0" timestamp="2025-07-27T14:51:51 IST" skipped="0">
  <testcase classname="testcases.UserTests" name="testUpdateUser" time="6.428"/>
  <testcase classname="testcases.UserTests" name="testGetUserById" time="1.044"/>
  <testcase classname="testcases.UserTests" name="testGetUserswithLimit" time="3.117"/>
  <testcase classname="testcases.UserTests" name="testCreateUser" time="1.521"/>
  <testcase classname="testcases.UserTests" name="testGetAllUsers" time="1.170"/>
  <testcase classname="testcases.UserTests" name="testGetUsersSortedAsc" time="1.136"/>
  <testcase classname="testcases.UserTests" name="testDeleteUser" time="2.355"/>
  <testcase classname="testcases.UserTests" name="testGetUsersSorted" time="1.087"/>
</testsuite> <!-- testcases.UserTests -->
