<?xml version="1.0" encoding="UTF-8"?>
<!-- Generated by org.testng.reporters.JUnitReportReporter -->
<testsuite hostname="Madhukar" failures="0" tests="3" name="testcases.SchemaTests" time="2.063" errors="0" timestamp="2025-07-28T05:47:57 IST" skipped="0">
  <testcase classname="testcases.SchemaTests" name="testProductSchema" time="0.547"/>
  <testcase classname="testcases.SchemaTests" name="testCartSchema" time="0.673"/>
  <testcase classname="testcases.SchemaTests" name="tesUserSchema" time="0.843"/>
</testsuite> <!-- testcases.SchemaTests -->
