<?xml version="1.0" encoding="UTF-8"?>
<!-- Generated by org.testng.reporters.JUnitReportReporter -->
<testsuite hostname="Madhukar" failures="0" tests="10" name="testcases.ProductTest" time="21.432" errors="0" timestamp="2025-07-26T12:22:14 IST" skipped="0">
  <testcase classname="testcases.ProductTest" name="testGetLimitedProducts" time="1.681"/>
  <testcase classname="testcases.ProductTest" name="testGetSortedProductsASC" time="1.754"/>
  <testcase classname="testcases.ProductTest" name="testAddNewProduct" time="5.900"/>
  <testcase classname="testcases.ProductTest" name="testGetProductByID" time="1.624"/>
  <testcase classname="testcases.ProductTest" name="testUpdateProduct" time="1.628"/>
  <testcase classname="testcases.ProductTest" name="testGetAllCategories" time="1.095"/>
  <testcase classname="testcases.ProductTest" name="testGetProductsByCategory" time="2.696"/>
  <testcase classname="testcases.ProductTest" name="testGetSortedProducts" time="1.678"/>
  <testcase classname="testcases.ProductTest" name="testGetAllProducts" time="1.634"/>
  <testcase classname="testcases.ProductTest" name="testDeleteProduct" time="1.742"/>
</testsuite> <!-- testcases.ProductTest -->
