<?xml version="1.0" encoding="UTF-8"?>
<!-- Generated by org.testng.reporters.JUnitReportReporter -->
<testsuite hostname="Madhukar" failures="0" tests="10" name="testcases.ProductTest" time="20.729" errors="0" timestamp="2025-07-19T11:05:14 IST" skipped="0">
  <testcase classname="testcases.ProductTest" name="testGetProductsByCategory" time="1.480"/>
  <testcase classname="testcases.ProductTest" name="testDeleteProduct" time="2.514"/>
  <testcase classname="testcases.ProductTest" name="testGetSortedProductsASC" time="2.127"/>
  <testcase classname="testcases.ProductTest" name="testUpdateProduct" time="1.462"/>
  <testcase classname="testcases.ProductTest" name="testGetAllProducts" time="0.662"/>
  <testcase classname="testcases.ProductTest" name="testGetLimitedProducts" time="1.557"/>
  <testcase classname="testcases.ProductTest" name="testGetProductByID" time="1.584"/>
  <testcase classname="testcases.ProductTest" name="testGetSortedProducts" time="3.654"/>
  <testcase classname="testcases.ProductTest" name="testAddNewProduct" time="4.616"/>
  <testcase classname="testcases.ProductTest" name="testGetAllCategories" time="1.073"/>
</testsuite> <!-- testcases.ProductTest -->
