<?xml version="1.0" encoding="UTF-8"?>
<!-- Generated by org.testng.reporters.JUnitReportReporter -->
<testsuite hostname="Madhukar" failures="0" tests="1" name="testcases.ProductTest" time="4.712" errors="0" timestamp="2025-07-18T11:36:09 IST" skipped="0">
  <testcase classname="testcases.ProductTest" name="testGetProductsByCategory" time="4.712"/>
</testsuite> <!-- testcases.ProductTest -->
